<?xml version="1.0" encoding="UTF-8"?>
<!-- Generated by org.testng.reporters.JUnitReportReporter -->
<testsuite hostname="DESKTOP-FPPAV2I" failures="0" tests="3" name="insuranceCalculation_Motorcycle.ErrorTests_motorcycle" time="10.278" errors="0" timestamp="2022-06-15T08:59:05 EDT" skipped="2">
  <testcase classname="insuranceCalculation_Motorcycle.ErrorTests_motorcycle" name="verifyModelDropdownOptions" time="10.278"/>
  <system-out/>
  <testcase classname="insuranceCalculation_Motorcycle.ErrorTests_motorcycle" name="errorMessage_PayLoadField1">
    <skipped/>
  </testcase> <!-- errorMessage_PayLoadField1 -->
  <system-out/>
  <testcase classname="insuranceCalculation_Motorcycle.ErrorTests_motorcycle" name="errorMessage_PayLoadField">
    <skipped/>
  </testcase> <!-- errorMessage_PayLoadField -->
  <system-out/>
</testsuite> <!-- insuranceCalculation_Motorcycle.ErrorTests_motorcycle -->
